ноя 06, 2024 8:38:30 PM com.azot.course.util.AppContextListener contextInitialized
INFO: Приложение studentSearch запущено.
ноя 06, 2024 8:38:32 PM com.azot.course.util.AppContextListener contextDestroyed
INFO: Приложение studentSearch завершено.
ноя 06, 2024 8:39:02 PM com.azot.course.util.AppContextListener contextInitialized
INFO: Приложение studentSearch запущено.
ноя 06, 2024 8:39:26 PM com.azot.course.util.AppContextListener contextDestroyed
INFO: Приложение studentSearch завершено.
ноя 07, 2024 7:21:29 PM com.azot.course.util.AppContextListener contextInitialized
INFO: Приложение studentSearch запущено.
ноя 07, 2024 7:22:04 PM com.azot.course.util.AppContextListener contextDestroyed
INFO: Приложение studentSearch завершено.
ноя 07, 2024 9:21:16 PM com.azot.course.util.AppContextListener contextInitialized
INFO: Приложение studentSearch запущено.
ноя 07, 2024 9:22:13 PM com.azot.course.util.AppContextListener contextDestroyed
INFO: Приложение studentSearch завершено.
ноя 07, 2024 10:23:58 PM com.azot.course.util.AppContextListener contextInitialized
INFO: Приложение studentSearch запущено.
ноя 07, 2024 10:25:29 PM com.azot.course.util.AppContextListener contextDestroyed
INFO: Приложение studentSearch завершено.
ноя 08, 2024 7:40:58 PM com.azot.course.util.AppContextListener contextInitialized
INFO: Приложение studentSearch запущено.
ноя 08, 2024 7:41:56 PM com.azot.course.util.AppContextListener contextDestroyed
INFO: Приложение studentSearch завершено.
ноя 08, 2024 8:04:54 PM com.azot.course.util.AppContextListener contextInitialized
INFO: Приложение studentSearch запущено.
ноя 08, 2024 8:05:32 PM com.azot.course.util.AppContextListener contextDestroyed
INFO: Приложение studentSearch завершено.
ноя 09, 2024 9:33:44 AM com.azot.course.util.AppContextListener contextInitialized
INFO: Приложение studentSearch запущено.
ноя 09, 2024 9:38:20 AM com.azot.course.util.AppContextListener contextDestroyed
INFO: Приложение studentSearch завершено.
ноя 09, 2024 10:46:04 AM com.azot.course.util.AppContextListener contextInitialized
INFO: Приложение studentSearch запущено.
ноя 09, 2024 10:48:26 AM com.azot.course.util.AppContextListener contextDestroyed
INFO: Приложение studentSearch завершено.
ноя 10, 2024 3:11:03 PM com.azot.course.util.AppContextListener contextInitialized
INFO: Приложение studentSearch запущено.
ноя 10, 2024 3:11:45 PM com.azot.course.util.AppContextListener contextDestroyed
INFO: Приложение studentSearch завершено.
ноя 16, 2024 9:08:56 AM com.azot.course.util.AppContextListener contextInitialized
INFO: Приложение studentSearch запущено.
ноя 16, 2024 9:13:34 AM com.azot.course.util.AppContextListener contextDestroyed
INFO: Приложение studentSearch завершено.
ноя 16, 2024 9:30:33 AM com.azot.course.util.AppContextListener contextInitialized
INFO: Приложение studentSearch запущено.
ноя 16, 2024 9:32:21 AM com.azot.course.util.AppContextListener contextDestroyed
INFO: Приложение studentSearch завершено.
ноя 22, 2024 8:31:08 PM com.azot.course.util.AppContextListener contextInitialized
INFO: Приложение studentSearch запущено.
ноя 22, 2024 8:31:55 PM com.azot.course.util.AppContextListener contextDestroyed
INFO: Приложение studentSearch завершено.
ноя 22, 2024 8:48:53 PM com.azot.course.util.AppContextListener contextInitialized
INFO: Приложение studentSearch запущено.
ноя 22, 2024 8:49:55 PM com.azot.course.util.AppContextListener contextDestroyed
INFO: Приложение studentSearch завершено.
ноя 22, 2024 9:02:32 PM com.azot.course.util.AppContextListener contextInitialized
INFO: Приложение studentSearch запущено.
ноя 22, 2024 9:02:59 PM com.azot.course.util.AppContextListener contextDestroyed
INFO: Приложение studentSearch завершено.
ноя 22, 2024 10:25:01 PM com.azot.course.util.AppContextListener contextInitialized
INFO: Приложение studentSearch запущено.
ноя 22, 2024 10:25:25 PM com.azot.course.util.AppContextListener contextDestroyed
INFO: Приложение studentSearch завершено.
ноя 30, 2024 9:07:36 AM com.azot.course.util.AppContextListener contextInitialized
INFO: Приложение studentSearch запущено.
ноя 30, 2024 9:08:41 AM com.azot.course.util.AppContextListener contextDestroyed
INFO: Приложение studentSearch завершено.
